Performing Curl Test HAVE_FCNTL_O_NONBLOCK failed with the following output:
Change Dir: C:/Users/Svyatoslav/Desktop/C++/skillbox_homework/30/30-2-capture-web-page-title/out/build/x64-debug/CMakeFiles/CMakeTmp

Run Build Command(s):C:/Program Files/Microsoft Visual Studio/2022/Community/Common7/IDE/CommonExtensions/Microsoft/CMake/Ninja/ninja.exe -v cmTC_ab790 && [1/2] C:\PROGRA~1\MICROS~3\2022\COMMUN~1\VC\Tools\MSVC\1437~1.328\bin\Hostx64\x64\cl.exe  /nologo   /DWIN32 /D_WINDOWS /W3 -DHAVE_FCNTL_O_NONBLOCK  -DHAVE_WINDOWS_H -DHAVE_WS2TCPIP_H -DHAVE_WINSOCK2_H -DHAVE_WINCRYPT_H -DHAVE_STDIO_H -DHAVE_SYS_STAT_H -DHAVE_SYS_TYPES_H -DHAVE_SYS_UTIME_H -DHAVE_ASSERT_H -DHAVE_ERRNO_H -DHAVE_FCNTL_H -DHAVE_IO_H -DHAVE_LOCALE_H -DHAVE_SETJMP_H -DHAVE_SIGNAL_H -DHAVE_STDBOOL_H -DHAVE_STDIO_H -DHAVE_STDLIB_H -DHAVE_STRING_H -DHAVE_TIME_H -DHAVE_PROCESS_H -DHAVE_STDDEF_H -DHAVE_MALLOC_H -DHAVE_MEMORY_H /MDd /Ob0 /Od /RTC1 -MDd /showIncludes /FoCMakeFiles\cmTC_ab790.dir\CurlTests.c.obj /FdCMakeFiles\cmTC_ab790.dir\ /FS -c C:\Users\Svyatoslav\Desktop\C++\skillbox_homework\30\30-2-capture-web-page-title\out\build\x64-debug\_deps\curl-src\CMake\CurlTests.c
FAILED: CMakeFiles/cmTC_ab790.dir/CurlTests.c.obj 
C:\PROGRA~1\MICROS~3\2022\COMMUN~1\VC\Tools\MSVC\1437~1.328\bin\Hostx64\x64\cl.exe  /nologo   /DWIN32 /D_WINDOWS /W3 -DHAVE_FCNTL_O_NONBLOCK  -DHAVE_WINDOWS_H -DHAVE_WS2TCPIP_H -DHAVE_WINSOCK2_H -DHAVE_WINCRYPT_H -DHAVE_STDIO_H -DHAVE_SYS_STAT_H -DHAVE_SYS_TYPES_H -DHAVE_SYS_UTIME_H -DHAVE_ASSERT_H -DHAVE_ERRNO_H -DHAVE_FCNTL_H -DHAVE_IO_H -DHAVE_LOCALE_H -DHAVE_SETJMP_H -DHAVE_SIGNAL_H -DHAVE_STDBOOL_H -DHAVE_STDIO_H -DHAVE_STDLIB_H -DHAVE_STRING_H -DHAVE_TIME_H -DHAVE_PROCESS_H -DHAVE_STDDEF_H -DHAVE_MALLOC_H -DHAVE_MEMORY_H /MDd /Ob0 /Od /RTC1 -MDd /showIncludes /FoCMakeFiles\cmTC_ab790.dir\CurlTests.c.obj /FdCMakeFiles\cmTC_ab790.dir\ /FS -c C:\Users\Svyatoslav\Desktop\C++\skillbox_homework\30\30-2-capture-web-page-title\out\build\x64-debug\_deps\curl-src\CMake\CurlTests.c
C:\Users\Svyatoslav\Desktop\C++\skillbox_homework\30\30-2-capture-web-page-title\out\build\x64-debug\_deps\curl-src\CMake\CurlTests.c(44): fatal error C1083: Cannot open include file: 'unistd.h': No such file or directory
ninja: build stopped: subcommand failed.


Performing Curl Test HAVE_IOCTLSOCKET_CAMEL failed with the following output:
Change Dir: C:/Users/Svyatoslav/Desktop/C++/skillbox_homework/30/30-2-capture-web-page-title/out/build/x64-debug/CMakeFiles/CMakeTmp

Run Build Command(s):C:/Program Files/Microsoft Visual Studio/2022/Community/Common7/IDE/CommonExtensions/Microsoft/CMake/Ninja/ninja.exe -v cmTC_53950 && [1/2] C:\PROGRA~1\MICROS~3\2022\COMMUN~1\VC\Tools\MSVC\1437~1.328\bin\Hostx64\x64\cl.exe  /nologo   /DWIN32 /D_WINDOWS /W3 -DHAVE_IOCTLSOCKET_CAMEL  -DHAVE_WINDOWS_H -DHAVE_WS2TCPIP_H -DHAVE_WINSOCK2_H -DHAVE_WINCRYPT_H -DHAVE_STDIO_H -DHAVE_SYS_STAT_H -DHAVE_SYS_TYPES_H -DHAVE_SYS_UTIME_H -DHAVE_ASSERT_H -DHAVE_ERRNO_H -DHAVE_FCNTL_H -DHAVE_IO_H -DHAVE_LOCALE_H -DHAVE_SETJMP_H -DHAVE_SIGNAL_H -DHAVE_STDBOOL_H -DHAVE_STDIO_H -DHAVE_STDLIB_H -DHAVE_STRING_H -DHAVE_TIME_H -DHAVE_PROCESS_H -DHAVE_STDDEF_H -DHAVE_MALLOC_H -DHAVE_MEMORY_H /MDd /Ob0 /Od /RTC1 -MDd /showIncludes /FoCMakeFiles\cmTC_53950.dir\CurlTests.c.obj /FdCMakeFiles\cmTC_53950.dir\ /FS -c C:\Users\Svyatoslav\Desktop\C++\skillbox_homework\30\30-2-capture-web-page-title\out\build\x64-debug\_deps\curl-src\CMake\CurlTests.c
C:\Users\Svyatoslav\Desktop\C++\skillbox_homework\30\30-2-capture-web-page-title\out\build\x64-debug\_deps\curl-src\CMake\CurlTests.c(265): warning C4013: 'IoctlSocket' undefined; assuming extern returning int
[2/2] cmd.exe /C "cd . && "C:\Program Files\Microsoft Visual Studio\2022\Community\Common7\IDE\CommonExtensions\Microsoft\CMake\CMake\bin\cmake.exe" -E vs_link_exe --intdir=CMakeFiles\cmTC_53950.dir --rc=C:\PROGRA~2\WI3CF2~1\10\bin\100226~1.0\x64\rc.exe --mt=C:\PROGRA~2\WI3CF2~1\10\bin\100226~1.0\x64\mt.exe --manifests  -- C:\PROGRA~1\MICROS~3\2022\COMMUN~1\VC\Tools\MSVC\1437~1.328\bin\Hostx64\x64\link.exe /nologo CMakeFiles\cmTC_53950.dir\CurlTests.c.obj  /out:cmTC_53950.exe /implib:cmTC_53950.lib /pdb:cmTC_53950.pdb /version:0.0 /machine:x64  /debug /INCREMENTAL /subsystem:console  ws2_32.lib  kernel32.lib user32.lib gdi32.lib winspool.lib shell32.lib ole32.lib oleaut32.lib uuid.lib comdlg32.lib advapi32.lib && cd ."
FAILED: cmTC_53950.exe 
cmd.exe /C "cd . && "C:\Program Files\Microsoft Visual Studio\2022\Community\Common7\IDE\CommonExtensions\Microsoft\CMake\CMake\bin\cmake.exe" -E vs_link_exe --intdir=CMakeFiles\cmTC_53950.dir --rc=C:\PROGRA~2\WI3CF2~1\10\bin\100226~1.0\x64\rc.exe --mt=C:\PROGRA~2\WI3CF2~1\10\bin\100226~1.0\x64\mt.exe --manifests  -- C:\PROGRA~1\MICROS~3\2022\COMMUN~1\VC\Tools\MSVC\1437~1.328\bin\Hostx64\x64\link.exe /nologo CMakeFiles\cmTC_53950.dir\CurlTests.c.obj  /out:cmTC_53950.exe /implib:cmTC_53950.lib /pdb:cmTC_53950.pdb /version:0.0 /machine:x64  /debug /INCREMENTAL /subsystem:console  ws2_32.lib  kernel32.lib user32.lib gdi32.lib winspool.lib shell32.lib ole32.lib oleaut32.lib uuid.lib comdlg32.lib advapi32.lib && cd ."
LINK Pass 1: command "C:\PROGRA~1\MICROS~3\2022\COMMUN~1\VC\Tools\MSVC\1437~1.328\bin\Hostx64\x64\link.exe /nologo CMakeFiles\cmTC_53950.dir\CurlTests.c.obj /out:cmTC_53950.exe /implib:cmTC_53950.lib /pdb:cmTC_53950.pdb /version:0.0 /machine:x64 /debug /INCREMENTAL /subsystem:console ws2_32.lib kernel32.lib user32.lib gdi32.lib winspool.lib shell32.lib ole32.lib oleaut32.lib uuid.lib comdlg32.lib advapi32.lib /MANIFEST /MANIFESTFILE:CMakeFiles\cmTC_53950.dir/intermediate.manifest CMakeFiles\cmTC_53950.dir/manifest.res" failed (exit code 1120) with the following output:
CurlTests.c.obj : error LNK2019: unresolved external symbol IoctlSocket referenced in function main
cmTC_53950.exe : fatal error LNK1120: 1 unresolved externals
ninja: build stopped: subcommand failed.


Performing Curl Test HAVE_IOCTLSOCKET_CAMEL_FIONBIO failed with the following output:
Change Dir: C:/Users/Svyatoslav/Desktop/C++/skillbox_homework/30/30-2-capture-web-page-title/out/build/x64-debug/CMakeFiles/CMakeTmp

Run Build Command(s):C:/Program Files/Microsoft Visual Studio/2022/Community/Common7/IDE/CommonExtensions/Microsoft/CMake/Ninja/ninja.exe -v cmTC_161ad && [1/2] C:\PROGRA~1\MICROS~3\2022\COMMUN~1\VC\Tools\MSVC\1437~1.328\bin\Hostx64\x64\cl.exe  /nologo   /DWIN32 /D_WINDOWS /W3 -DHAVE_IOCTLSOCKET_CAMEL_FIONBIO  -DHAVE_WINDOWS_H -DHAVE_WS2TCPIP_H -DHAVE_WINSOCK2_H -DHAVE_WINCRYPT_H -DHAVE_STDIO_H -DHAVE_SYS_STAT_H -DHAVE_SYS_TYPES_H -DHAVE_SYS_UTIME_H -DHAVE_ASSERT_H -DHAVE_ERRNO_H -DHAVE_FCNTL_H -DHAVE_IO_H -DHAVE_LOCALE_H -DHAVE_SETJMP_H -DHAVE_SIGNAL_H -DHAVE_STDBOOL_H -DHAVE_STDIO_H -DHAVE_STDLIB_H -DHAVE_STRING_H -DHAVE_TIME_H -DHAVE_PROCESS_H -DHAVE_STDDEF_H -DHAVE_MALLOC_H -DHAVE_MEMORY_H /MDd /Ob0 /Od /RTC1 -MDd /showIncludes /FoCMakeFiles\cmTC_161ad.dir\CurlTests.c.obj /FdCMakeFiles\cmTC_161ad.dir\ /FS -c C:\Users\Svyatoslav\Desktop\C++\skillbox_homework\30\30-2-capture-web-page-title\out\build\x64-debug\_deps\curl-src\CMake\CurlTests.c
C:\Users\Svyatoslav\Desktop\C++\skillbox_homework\30\30-2-capture-web-page-title\out\build\x64-debug\_deps\curl-src\CMake\CurlTests.c(289): warning C4013: 'IoctlSocket' undefined; assuming extern returning int
[2/2] cmd.exe /C "cd . && "C:\Program Files\Microsoft Visual Studio\2022\Community\Common7\IDE\CommonExtensions\Microsoft\CMake\CMake\bin\cmake.exe" -E vs_link_exe --intdir=CMakeFiles\cmTC_161ad.dir --rc=C:\PROGRA~2\WI3CF2~1\10\bin\100226~1.0\x64\rc.exe --mt=C:\PROGRA~2\WI3CF2~1\10\bin\100226~1.0\x64\mt.exe --manifests  -- C:\PROGRA~1\MICROS~3\2022\COMMUN~1\VC\Tools\MSVC\1437~1.328\bin\Hostx64\x64\link.exe /nologo CMakeFiles\cmTC_161ad.dir\CurlTests.c.obj  /out:cmTC_161ad.exe /implib:cmTC_161ad.lib /pdb:cmTC_161ad.pdb /version:0.0 /machine:x64  /debug /INCREMENTAL /subsystem:console  ws2_32.lib  kernel32.lib user32.lib gdi32.lib winspool.lib shell32.lib ole32.lib oleaut32.lib uuid.lib comdlg32.lib advapi32.lib && cd ."
FAILED: cmTC_161ad.exe 
cmd.exe /C "cd . && "C:\Program Files\Microsoft Visual Studio\2022\Community\Common7\IDE\CommonExtensions\Microsoft\CMake\CMake\bin\cmake.exe" -E vs_link_exe --intdir=CMakeFiles\cmTC_161ad.dir --rc=C:\PROGRA~2\WI3CF2~1\10\bin\100226~1.0\x64\rc.exe --mt=C:\PROGRA~2\WI3CF2~1\10\bin\100226~1.0\x64\mt.exe --manifests  -- C:\PROGRA~1\MICROS~3\2022\COMMUN~1\VC\Tools\MSVC\1437~1.328\bin\Hostx64\x64\link.exe /nologo CMakeFiles\cmTC_161ad.dir\CurlTests.c.obj  /out:cmTC_161ad.exe /implib:cmTC_161ad.lib /pdb:cmTC_161ad.pdb /version:0.0 /machine:x64  /debug /INCREMENTAL /subsystem:console  ws2_32.lib  kernel32.lib user32.lib gdi32.lib winspool.lib shell32.lib ole32.lib oleaut32.lib uuid.lib comdlg32.lib advapi32.lib && cd ."
LINK Pass 1: command "C:\PROGRA~1\MICROS~3\2022\COMMUN~1\VC\Tools\MSVC\1437~1.328\bin\Hostx64\x64\link.exe /nologo CMakeFiles\cmTC_161ad.dir\CurlTests.c.obj /out:cmTC_161ad.exe /implib:cmTC_161ad.lib /pdb:cmTC_161ad.pdb /version:0.0 /machine:x64 /debug /INCREMENTAL /subsystem:console ws2_32.lib kernel32.lib user32.lib gdi32.lib winspool.lib shell32.lib ole32.lib oleaut32.lib uuid.lib comdlg32.lib advapi32.lib /MANIFEST /MANIFESTFILE:CMakeFiles\cmTC_161ad.dir/intermediate.manifest CMakeFiles\cmTC_161ad.dir/manifest.res" failed (exit code 1120) with the following output:
CurlTests.c.obj : error LNK2019: unresolved external symbol IoctlSocket referenced in function main
cmTC_161ad.exe : fatal error LNK1120: 1 unresolved externals
ninja: build stopped: subcommand failed.


Performing Curl Test HAVE_IOCTL_FIONBIO failed with the following output:
Change Dir: C:/Users/Svyatoslav/Desktop/C++/skillbox_homework/30/30-2-capture-web-page-title/out/build/x64-debug/CMakeFiles/CMakeTmp

Run Build Command(s):C:/Program Files/Microsoft Visual Studio/2022/Community/Common7/IDE/CommonExtensions/Microsoft/CMake/Ninja/ninja.exe -v cmTC_f4c46 && [1/2] C:\PROGRA~1\MICROS~3\2022\COMMUN~1\VC\Tools\MSVC\1437~1.328\bin\Hostx64\x64\cl.exe  /nologo   /DWIN32 /D_WINDOWS /W3 -DHAVE_IOCTL_FIONBIO  -DHAVE_WINDOWS_H -DHAVE_WS2TCPIP_H -DHAVE_WINSOCK2_H -DHAVE_WINCRYPT_H -DHAVE_STDIO_H -DHAVE_SYS_STAT_H -DHAVE_SYS_TYPES_H -DHAVE_SYS_UTIME_H -DHAVE_ASSERT_H -DHAVE_ERRNO_H -DHAVE_FCNTL_H -DHAVE_IO_H -DHAVE_LOCALE_H -DHAVE_SETJMP_H -DHAVE_SIGNAL_H -DHAVE_STDBOOL_H -DHAVE_STDIO_H -DHAVE_STDLIB_H -DHAVE_STRING_H -DHAVE_TIME_H -DHAVE_PROCESS_H -DHAVE_STDDEF_H -DHAVE_MALLOC_H -DHAVE_MEMORY_H /MDd /Ob0 /Od /RTC1 -MDd /showIncludes /FoCMakeFiles\cmTC_f4c46.dir\CurlTests.c.obj /FdCMakeFiles\cmTC_f4c46.dir\ /FS -c C:\Users\Svyatoslav\Desktop\C++\skillbox_homework\30\30-2-capture-web-page-title\out\build\x64-debug\_deps\curl-src\CMake\CurlTests.c
FAILED: CMakeFiles/cmTC_f4c46.dir/CurlTests.c.obj 
C:\PROGRA~1\MICROS~3\2022\COMMUN~1\VC\Tools\MSVC\1437~1.328\bin\Hostx64\x64\cl.exe  /nologo   /DWIN32 /D_WINDOWS /W3 -DHAVE_IOCTL_FIONBIO  -DHAVE_WINDOWS_H -DHAVE_WS2TCPIP_H -DHAVE_WINSOCK2_H -DHAVE_WINCRYPT_H -DHAVE_STDIO_H -DHAVE_SYS_STAT_H -DHAVE_SYS_TYPES_H -DHAVE_SYS_UTIME_H -DHAVE_ASSERT_H -DHAVE_ERRNO_H -DHAVE_FCNTL_H -DHAVE_IO_H -DHAVE_LOCALE_H -DHAVE_SETJMP_H -DHAVE_SIGNAL_H -DHAVE_STDBOOL_H -DHAVE_STDIO_H -DHAVE_STDLIB_H -DHAVE_STRING_H -DHAVE_TIME_H -DHAVE_PROCESS_H -DHAVE_STDDEF_H -DHAVE_MALLOC_H -DHAVE_MEMORY_H /MDd /Ob0 /Od /RTC1 -MDd /showIncludes /FoCMakeFiles\cmTC_f4c46.dir\CurlTests.c.obj /FdCMakeFiles\cmTC_f4c46.dir\ /FS -c C:\Users\Svyatoslav\Desktop\C++\skillbox_homework\30\30-2-capture-web-page-title\out\build\x64-debug\_deps\curl-src\CMake\CurlTests.c
C:\Users\Svyatoslav\Desktop\C++\skillbox_homework\30\30-2-capture-web-page-title\out\build\x64-debug\_deps\curl-src\CMake\CurlTests.c(343): warning C4013: 'ioctl' undefined; assuming extern returning int
C:\Users\Svyatoslav\Desktop\C++\skillbox_homework\30\30-2-capture-web-page-title\out\build\x64-debug\_deps\curl-src\CMake\CurlTests.c(343): error C2065: 'FIONBIO': undeclared identifier
ninja: build stopped: subcommand failed.


Performing Curl Test HAVE_IOCTL_SIOCGIFADDR failed with the following output:
Change Dir: C:/Users/Svyatoslav/Desktop/C++/skillbox_homework/30/30-2-capture-web-page-title/out/build/x64-debug/CMakeFiles/CMakeTmp

Run Build Command(s):C:/Program Files/Microsoft Visual Studio/2022/Community/Common7/IDE/CommonExtensions/Microsoft/CMake/Ninja/ninja.exe -v cmTC_815b6 && [1/2] C:\PROGRA~1\MICROS~3\2022\COMMUN~1\VC\Tools\MSVC\1437~1.328\bin\Hostx64\x64\cl.exe  /nologo   /DWIN32 /D_WINDOWS /W3 -DHAVE_IOCTL_SIOCGIFADDR  -DHAVE_WINDOWS_H -DHAVE_WS2TCPIP_H -DHAVE_WINSOCK2_H -DHAVE_WINCRYPT_H -DHAVE_STDIO_H -DHAVE_SYS_STAT_H -DHAVE_SYS_TYPES_H -DHAVE_SYS_UTIME_H -DHAVE_ASSERT_H -DHAVE_ERRNO_H -DHAVE_FCNTL_H -DHAVE_IO_H -DHAVE_LOCALE_H -DHAVE_SETJMP_H -DHAVE_SIGNAL_H -DHAVE_STDBOOL_H -DHAVE_STDIO_H -DHAVE_STDLIB_H -DHAVE_STRING_H -DHAVE_TIME_H -DHAVE_PROCESS_H -DHAVE_STDDEF_H -DHAVE_MALLOC_H -DHAVE_MEMORY_H /MDd /Ob0 /Od /RTC1 -MDd /showIncludes /FoCMakeFiles\cmTC_815b6.dir\CurlTests.c.obj /FdCMakeFiles\cmTC_815b6.dir\ /FS -c C:\Users\Svyatoslav\Desktop\C++\skillbox_homework\30\30-2-capture-web-page-title\out\build\x64-debug\_deps\curl-src\CMake\CurlTests.c
FAILED: CMakeFiles/cmTC_815b6.dir/CurlTests.c.obj 
C:\PROGRA~1\MICROS~3\2022\COMMUN~1\VC\Tools\MSVC\1437~1.328\bin\Hostx64\x64\cl.exe  /nologo   /DWIN32 /D_WINDOWS /W3 -DHAVE_IOCTL_SIOCGIFADDR  -DHAVE_WINDOWS_H -DHAVE_WS2TCPIP_H -DHAVE_WINSOCK2_H -DHAVE_WINCRYPT_H -DHAVE_STDIO_H -DHAVE_SYS_STAT_H -DHAVE_SYS_TYPES_H -DHAVE_SYS_UTIME_H -DHAVE_ASSERT_H -DHAVE_ERRNO_H -DHAVE_FCNTL_H -DHAVE_IO_H -DHAVE_LOCALE_H -DHAVE_SETJMP_H -DHAVE_SIGNAL_H -DHAVE_STDBOOL_H -DHAVE_STDIO_H -DHAVE_STDLIB_H -DHAVE_STRING_H -DHAVE_TIME_H -DHAVE_PROCESS_H -DHAVE_STDDEF_H -DHAVE_MALLOC_H -DHAVE_MEMORY_H /MDd /Ob0 /Od /RTC1 -MDd /showIncludes /FoCMakeFiles\cmTC_815b6.dir\CurlTests.c.obj /FdCMakeFiles\cmTC_815b6.dir\ /FS -c C:\Users\Svyatoslav\Desktop\C++\skillbox_homework\30\30-2-capture-web-page-title\out\build\x64-debug\_deps\curl-src\CMake\CurlTests.c
C:\Users\Svyatoslav\Desktop\C++\skillbox_homework\30\30-2-capture-web-page-title\out\build\x64-debug\_deps\curl-src\CMake\CurlTests.c(368): fatal error C1083: Cannot open include file: 'net/if.h': No such file or directory
ninja: build stopped: subcommand failed.


Performing Curl Test HAVE_SETSOCKOPT_SO_NONBLOCK failed with the following output:
Change Dir: C:/Users/Svyatoslav/Desktop/C++/skillbox_homework/30/30-2-capture-web-page-title/out/build/x64-debug/CMakeFiles/CMakeTmp

Run Build Command(s):C:/Program Files/Microsoft Visual Studio/2022/Community/Common7/IDE/CommonExtensions/Microsoft/CMake/Ninja/ninja.exe -v cmTC_58297 && [1/2] C:\PROGRA~1\MICROS~3\2022\COMMUN~1\VC\Tools\MSVC\1437~1.328\bin\Hostx64\x64\cl.exe  /nologo   /DWIN32 /D_WINDOWS /W3 -DHAVE_SETSOCKOPT_SO_NONBLOCK  -DHAVE_WINDOWS_H -DHAVE_WS2TCPIP_H -DHAVE_WINSOCK2_H -DHAVE_WINCRYPT_H -DHAVE_STDIO_H -DHAVE_SYS_STAT_H -DHAVE_SYS_TYPES_H -DHAVE_SYS_UTIME_H -DHAVE_ASSERT_H -DHAVE_ERRNO_H -DHAVE_FCNTL_H -DHAVE_IO_H -DHAVE_LOCALE_H -DHAVE_SETJMP_H -DHAVE_SIGNAL_H -DHAVE_STDBOOL_H -DHAVE_STDIO_H -DHAVE_STDLIB_H -DHAVE_STRING_H -DHAVE_TIME_H -DHAVE_PROCESS_H -DHAVE_STDDEF_H -DHAVE_MALLOC_H -DHAVE_MEMORY_H /MDd /Ob0 /Od /RTC1 -MDd /showIncludes /FoCMakeFiles\cmTC_58297.dir\CurlTests.c.obj /FdCMakeFiles\cmTC_58297.dir\ /FS -c C:\Users\Svyatoslav\Desktop\C++\skillbox_homework\30\30-2-capture-web-page-title\out\build\x64-debug\_deps\curl-src\CMake\CurlTests.c
FAILED: CMakeFiles/cmTC_58297.dir/CurlTests.c.obj 
C:\PROGRA~1\MICROS~3\2022\COMMUN~1\VC\Tools\MSVC\1437~1.328\bin\Hostx64\x64\cl.exe  /nologo   /DWIN32 /D_WINDOWS /W3 -DHAVE_SETSOCKOPT_SO_NONBLOCK  -DHAVE_WINDOWS_H -DHAVE_WS2TCPIP_H -DHAVE_WINSOCK2_H -DHAVE_WINCRYPT_H -DHAVE_STDIO_H -DHAVE_SYS_STAT_H -DHAVE_SYS_TYPES_H -DHAVE_SYS_UTIME_H -DHAVE_ASSERT_H -DHAVE_ERRNO_H -DHAVE_FCNTL_H -DHAVE_IO_H -DHAVE_LOCALE_H -DHAVE_SETJMP_H -DHAVE_SIGNAL_H -DHAVE_STDBOOL_H -DHAVE_STDIO_H -DHAVE_STDLIB_H -DHAVE_STRING_H -DHAVE_TIME_H -DHAVE_PROCESS_H -DHAVE_STDDEF_H -DHAVE_MALLOC_H -DHAVE_MEMORY_H /MDd /Ob0 /Od /RTC1 -MDd /showIncludes /FoCMakeFiles\cmTC_58297.dir\CurlTests.c.obj /FdCMakeFiles\cmTC_58297.dir\ /FS -c C:\Users\Svyatoslav\Desktop\C++\skillbox_homework\30\30-2-capture-web-page-title\out\build\x64-debug\_deps\curl-src\CMake\CurlTests.c
C:\Users\Svyatoslav\Desktop\C++\skillbox_homework\30\30-2-capture-web-page-title\out\build\x64-debug\_deps\curl-src\CMake\CurlTests.c(404): error C2065: 'SO_NONBLOCK': undeclared identifier
ninja: build stopped: subcommand failed.


Performing Curl Test HAVE_SOCKADDR_IN6_SIN6_SCOPE_ID failed with the following output:
Change Dir: C:/Users/Svyatoslav/Desktop/C++/skillbox_homework/30/30-2-capture-web-page-title/out/build/x64-debug/CMakeFiles/CMakeTmp

Run Build Command(s):C:/Program Files/Microsoft Visual Studio/2022/Community/Common7/IDE/CommonExtensions/Microsoft/CMake/Ninja/ninja.exe -v cmTC_46591 && [1/2] C:\PROGRA~1\MICROS~3\2022\COMMUN~1\VC\Tools\MSVC\1437~1.328\bin\Hostx64\x64\cl.exe  /nologo   /DWIN32 /D_WINDOWS /W3 -DHAVE_SOCKADDR_IN6_SIN6_SCOPE_ID  -DHAVE_WINDOWS_H -DHAVE_WS2TCPIP_H -DHAVE_WINSOCK2_H -DHAVE_WINCRYPT_H -DHAVE_STDIO_H -DHAVE_SYS_STAT_H -DHAVE_SYS_TYPES_H -DHAVE_SYS_UTIME_H -DHAVE_ASSERT_H -DHAVE_ERRNO_H -DHAVE_FCNTL_H -DHAVE_IO_H -DHAVE_LOCALE_H -DHAVE_SETJMP_H -DHAVE_SIGNAL_H -DHAVE_STDBOOL_H -DHAVE_STDIO_H -DHAVE_STDLIB_H -DHAVE_STRING_H -DHAVE_TIME_H -DHAVE_PROCESS_H -DHAVE_STDDEF_H -DHAVE_MALLOC_H -DHAVE_MEMORY_H /MDd /Ob0 /Od /RTC1 -MDd /showIncludes /FoCMakeFiles\cmTC_46591.dir\CurlTests.c.obj /FdCMakeFiles\cmTC_46591.dir\ /FS -c C:\Users\Svyatoslav\Desktop\C++\skillbox_homework\30\30-2-capture-web-page-title\out\build\x64-debug\_deps\curl-src\CMake\CurlTests.c
[2/2] cmd.exe /C "cd . && "C:\Program Files\Microsoft Visual Studio\2022\Community\Common7\IDE\CommonExtensions\Microsoft\CMake\CMake\bin\cmake.exe" -E vs_link_exe --intdir=CMakeFiles\cmTC_46591.dir --rc=C:\PROGRA~2\WI3CF2~1\10\bin\100226~1.0\x64\rc.exe --mt=C:\PROGRA~2\WI3CF2~1\10\bin\100226~1.0\x64\mt.exe --manifests  -- C:\PROGRA~1\MICROS~3\2022\COMMUN~1\VC\Tools\MSVC\1437~1.328\bin\Hostx64\x64\link.exe /nologo CMakeFiles\cmTC_46591.dir\CurlTests.c.obj  /out:cmTC_46591.exe /implib:cmTC_46591.lib /pdb:cmTC_46591.pdb /version:0.0 /machine:x64  /debug /INCREMENTAL /subsystem:console  ws2_32.lib  kernel32.lib user32.lib gdi32.lib winspool.lib shell32.lib ole32.lib oleaut32.lib uuid.lib comdlg32.lib advapi32.lib && cd ."
FAILED: cmTC_46591.exe 
cmd.exe /C "cd . && "C:\Program Files\Microsoft Visual Studio\2022\Community\Common7\IDE\CommonExtensions\Microsoft\CMake\CMake\bin\cmake.exe" -E vs_link_exe --intdir=CMakeFiles\cmTC_46591.dir --rc=C:\PROGRA~2\WI3CF2~1\10\bin\100226~1.0\x64\rc.exe --mt=C:\PROGRA~2\WI3CF2~1\10\bin\100226~1.0\x64\mt.exe --manifests  -- C:\PROGRA~1\MICROS~3\2022\COMMUN~1\VC\Tools\MSVC\1437~1.328\bin\Hostx64\x64\link.exe /nologo CMakeFiles\cmTC_46591.dir\CurlTests.c.obj  /out:cmTC_46591.exe /implib:cmTC_46591.lib /pdb:cmTC_46591.pdb /version:0.0 /machine:x64  /debug /INCREMENTAL /subsystem:console  ws2_32.lib  kernel32.lib user32.lib gdi32.lib winspool.lib shell32.lib ole32.lib oleaut32.lib uuid.lib comdlg32.lib advapi32.lib && cd ."
LINK Pass 1: command "C:\PROGRA~1\MICROS~3\2022\COMMUN~1\VC\Tools\MSVC\1437~1.328\bin\Hostx64\x64\link.exe /nologo CMakeFiles\cmTC_46591.dir\CurlTests.c.obj /out:cmTC_46591.exe /implib:cmTC_46591.lib /pdb:cmTC_46591.pdb /version:0.0 /machine:x64 /debug /INCREMENTAL /subsystem:console ws2_32.lib kernel32.lib user32.lib gdi32.lib winspool.lib shell32.lib ole32.lib oleaut32.lib uuid.lib comdlg32.lib advapi32.lib /MANIFEST /MANIFESTFILE:CMakeFiles\cmTC_46591.dir/intermediate.manifest CMakeFiles\cmTC_46591.dir/manifest.res" failed (exit code 1120) with the following output:
MSVCRTD.lib(exe_main.obj) : error LNK2019: unresolved external symbol main referenced in function "int __cdecl invoke_main(void)" (?invoke_main@@YAHXZ)
cmTC_46591.exe : fatal error LNK1120: 1 unresolved externals
ninja: build stopped: subcommand failed.


Performing Curl Test HAVE_FILE_OFFSET_BITS failed with the following output:
Change Dir: C:/Users/Svyatoslav/Desktop/C++/skillbox_homework/30/30-2-capture-web-page-title/out/build/x64-debug/CMakeFiles/CMakeTmp

Run Build Command(s):C:/Program Files/Microsoft Visual Studio/2022/Community/Common7/IDE/CommonExtensions/Microsoft/CMake/Ninja/ninja.exe -v cmTC_26f82 && [1/2] C:\PROGRA~1\MICROS~3\2022\COMMUN~1\VC\Tools\MSVC\1437~1.328\bin\Hostx64\x64\cl.exe  /nologo   /DWIN32 /D_WINDOWS /W3 -DHAVE_FILE_OFFSET_BITS  -DHAVE_WINDOWS_H -DHAVE_WS2TCPIP_H -DHAVE_WINSOCK2_H -DHAVE_WINCRYPT_H -DHAVE_STDIO_H -DHAVE_SYS_STAT_H -DHAVE_SYS_TYPES_H -DHAVE_SYS_UTIME_H -DHAVE_ASSERT_H -DHAVE_ERRNO_H -DHAVE_FCNTL_H -DHAVE_IO_H -DHAVE_LOCALE_H -DHAVE_SETJMP_H -DHAVE_SIGNAL_H -DHAVE_STDBOOL_H -DHAVE_STDIO_H -DHAVE_STDLIB_H -DHAVE_STRING_H -DHAVE_TIME_H -DHAVE_PROCESS_H -DHAVE_STDDEF_H -DHAVE_MALLOC_H -DHAVE_MEMORY_H /MDd /Ob0 /Od /RTC1 -MDd /showIncludes /FoCMakeFiles\cmTC_26f82.dir\CurlTests.c.obj /FdCMakeFiles\cmTC_26f82.dir\ /FS -c C:\Users\Svyatoslav\Desktop\C++\skillbox_homework\30\30-2-capture-web-page-title\out\build\x64-debug\_deps\curl-src\CMake\CurlTests.c
FAILED: CMakeFiles/cmTC_26f82.dir/CurlTests.c.obj 
C:\PROGRA~1\MICROS~3\2022\COMMUN~1\VC\Tools\MSVC\1437~1.328\bin\Hostx64\x64\cl.exe  /nologo   /DWIN32 /D_WINDOWS /W3 -DHAVE_FILE_OFFSET_BITS  -DHAVE_WINDOWS_H -DHAVE_WS2TCPIP_H -DHAVE_WINSOCK2_H -DHAVE_WINCRYPT_H -DHAVE_STDIO_H -DHAVE_SYS_STAT_H -DHAVE_SYS_TYPES_H -DHAVE_SYS_UTIME_H -DHAVE_ASSERT_H -DHAVE_ERRNO_H -DHAVE_FCNTL_H -DHAVE_IO_H -DHAVE_LOCALE_H -DHAVE_SETJMP_H -DHAVE_SIGNAL_H -DHAVE_STDBOOL_H -DHAVE_STDIO_H -DHAVE_STDLIB_H -DHAVE_STRING_H -DHAVE_TIME_H -DHAVE_PROCESS_H -DHAVE_STDDEF_H -DHAVE_MALLOC_H -DHAVE_MEMORY_H /MDd /Ob0 /Od /RTC1 -MDd /showIncludes /FoCMakeFiles\cmTC_26f82.dir\CurlTests.c.obj /FdCMakeFiles\cmTC_26f82.dir\ /FS -c C:\Users\Svyatoslav\Desktop\C++\skillbox_homework\30\30-2-capture-web-page-title\out\build\x64-debug\_deps\curl-src\CMake\CurlTests.c
C:\Users\Svyatoslav\Desktop\C++\skillbox_homework\30\30-2-capture-web-page-title\out\build\x64-debug\_deps\curl-src\CMake\CurlTests.c(218): warning C4293: '<<': shift count negative or too big, undefined behavior
C:\Users\Svyatoslav\Desktop\C++\skillbox_homework\30\30-2-capture-web-page-title\out\build\x64-debug\_deps\curl-src\CMake\CurlTests.c(219): warning C4293: '<<': shift count negative or too big, undefined behavior
C:\Users\Svyatoslav\Desktop\C++\skillbox_homework\30\30-2-capture-web-page-title\out\build\x64-debug\_deps\curl-src\CMake\CurlTests.c(218): error C2118: negative subscript
ninja: build stopped: subcommand failed.


Performing Curl Test HAVE_VARIADIC_MACROS_GCC failed with the following output:
Change Dir: C:/Users/Svyatoslav/Desktop/C++/skillbox_homework/30/30-2-capture-web-page-title/out/build/x64-debug/CMakeFiles/CMakeTmp

Run Build Command(s):C:/Program Files/Microsoft Visual Studio/2022/Community/Common7/IDE/CommonExtensions/Microsoft/CMake/Ninja/ninja.exe -v cmTC_ed843 && [1/2] C:\PROGRA~1\MICROS~3\2022\COMMUN~1\VC\Tools\MSVC\1437~1.328\bin\Hostx64\x64\cl.exe  /nologo   /DWIN32 /D_WINDOWS /W3 -DHAVE_VARIADIC_MACROS_GCC  -DHAVE_WINDOWS_H -DHAVE_WS2TCPIP_H -DHAVE_WINSOCK2_H -DHAVE_WINCRYPT_H -DHAVE_STDIO_H -DHAVE_SYS_STAT_H -DHAVE_SYS_TYPES_H -DHAVE_SYS_UTIME_H -DHAVE_ASSERT_H -DHAVE_ERRNO_H -DHAVE_FCNTL_H -DHAVE_IO_H -DHAVE_LOCALE_H -DHAVE_SETJMP_H -DHAVE_SIGNAL_H -DHAVE_STDBOOL_H -DHAVE_STDIO_H -DHAVE_STDLIB_H -DHAVE_STRING_H -DHAVE_TIME_H -DHAVE_PROCESS_H -DHAVE_STDDEF_H -DHAVE_MALLOC_H -DHAVE_MEMORY_H /MDd /Ob0 /Od /RTC1 -MDd /showIncludes /FoCMakeFiles\cmTC_ed843.dir\CurlTests.c.obj /FdCMakeFiles\cmTC_ed843.dir\ /FS -c C:\Users\Svyatoslav\Desktop\C++\skillbox_homework\30\30-2-capture-web-page-title\out\build\x64-debug\_deps\curl-src\CMake\CurlTests.c
FAILED: CMakeFiles/cmTC_ed843.dir/CurlTests.c.obj 
C:\PROGRA~1\MICROS~3\2022\COMMUN~1\VC\Tools\MSVC\1437~1.328\bin\Hostx64\x64\cl.exe  /nologo   /DWIN32 /D_WINDOWS /W3 -DHAVE_VARIADIC_MACROS_GCC  -DHAVE_WINDOWS_H -DHAVE_WS2TCPIP_H -DHAVE_WINSOCK2_H -DHAVE_WINCRYPT_H -DHAVE_STDIO_H -DHAVE_SYS_STAT_H -DHAVE_SYS_TYPES_H -DHAVE_SYS_UTIME_H -DHAVE_ASSERT_H -DHAVE_ERRNO_H -DHAVE_FCNTL_H -DHAVE_IO_H -DHAVE_LOCALE_H -DHAVE_SETJMP_H -DHAVE_SIGNAL_H -DHAVE_STDBOOL_H -DHAVE_STDIO_H -DHAVE_STDLIB_H -DHAVE_STRING_H -DHAVE_TIME_H -DHAVE_PROCESS_H -DHAVE_STDDEF_H -DHAVE_MALLOC_H -DHAVE_MEMORY_H /MDd /Ob0 /Od /RTC1 -MDd /showIncludes /FoCMakeFiles\cmTC_ed843.dir\CurlTests.c.obj /FdCMakeFiles\cmTC_ed843.dir\ /FS -c C:\Users\Svyatoslav\Desktop\C++\skillbox_homework\30\30-2-capture-web-page-title\out\build\x64-debug\_deps\curl-src\CMake\CurlTests.c
C:\Users\Svyatoslav\Desktop\C++\skillbox_homework\30\30-2-capture-web-page-title\out\build\x64-debug\_deps\curl-src\CMake\CurlTests.c(495): error C2010: '.': unexpected in macro parameter list
C:\Users\Svyatoslav\Desktop\C++\skillbox_homework\30\30-2-capture-web-page-title\out\build\x64-debug\_deps\curl-src\CMake\CurlTests.c(496): error C2010: '.': unexpected in macro parameter list
ninja: build stopped: subcommand failed.


Performing Curl Test HAVE_GLIBC_STRERROR_R failed with the following output:
Change Dir: C:/Users/Svyatoslav/Desktop/C++/skillbox_homework/30/30-2-capture-web-page-title/out/build/x64-debug/CMakeFiles/CMakeTmp

Run Build Command(s):C:/Program Files/Microsoft Visual Studio/2022/Community/Common7/IDE/CommonExtensions/Microsoft/CMake/Ninja/ninja.exe -v cmTC_363b4 && [1/2] C:\PROGRA~1\MICROS~3\2022\COMMUN~1\VC\Tools\MSVC\1437~1.328\bin\Hostx64\x64\cl.exe  /nologo   /DWIN32 /D_WINDOWS /W3 -DHAVE_GLIBC_STRERROR_R  -DHAVE_WINDOWS_H -DHAVE_WS2TCPIP_H -DHAVE_WINSOCK2_H -DHAVE_WINCRYPT_H -DHAVE_STDIO_H -DHAVE_SYS_STAT_H -DHAVE_SYS_TYPES_H -DHAVE_SYS_UTIME_H -DHAVE_ASSERT_H -DHAVE_ERRNO_H -DHAVE_FCNTL_H -DHAVE_IO_H -DHAVE_LOCALE_H -DHAVE_SETJMP_H -DHAVE_SIGNAL_H -DHAVE_STDBOOL_H -DHAVE_STDIO_H -DHAVE_STDLIB_H -DHAVE_STRING_H -DHAVE_TIME_H -DHAVE_PROCESS_H -DHAVE_STDDEF_H -DHAVE_MALLOC_H -DHAVE_MEMORY_H /MDd /Ob0 /Od /RTC1 -MDd /showIncludes /FoCMakeFiles\cmTC_363b4.dir\CurlTests.c.obj /FdCMakeFiles\cmTC_363b4.dir\ /FS -c C:\Users\Svyatoslav\Desktop\C++\skillbox_homework\30\30-2-capture-web-page-title\out\build\x64-debug\_deps\curl-src\CMake\CurlTests.c
FAILED: CMakeFiles/cmTC_363b4.dir/CurlTests.c.obj 
C:\PROGRA~1\MICROS~3\2022\COMMUN~1\VC\Tools\MSVC\1437~1.328\bin\Hostx64\x64\cl.exe  /nologo   /DWIN32 /D_WINDOWS /W3 -DHAVE_GLIBC_STRERROR_R  -DHAVE_WINDOWS_H -DHAVE_WS2TCPIP_H -DHAVE_WINSOCK2_H -DHAVE_WINCRYPT_H -DHAVE_STDIO_H -DHAVE_SYS_STAT_H -DHAVE_SYS_TYPES_H -DHAVE_SYS_UTIME_H -DHAVE_ASSERT_H -DHAVE_ERRNO_H -DHAVE_FCNTL_H -DHAVE_IO_H -DHAVE_LOCALE_H -DHAVE_SETJMP_H -DHAVE_SIGNAL_H -DHAVE_STDBOOL_H -DHAVE_STDIO_H -DHAVE_STDLIB_H -DHAVE_STRING_H -DHAVE_TIME_H -DHAVE_PROCESS_H -DHAVE_STDDEF_H -DHAVE_MALLOC_H -DHAVE_MEMORY_H /MDd /Ob0 /Od /RTC1 -MDd /showIncludes /FoCMakeFiles\cmTC_363b4.dir\CurlTests.c.obj /FdCMakeFiles\cmTC_363b4.dir\ /FS -c C:\Users\Svyatoslav\Desktop\C++\skillbox_homework\30\30-2-capture-web-page-title\out\build\x64-debug\_deps\curl-src\CMake\CurlTests.c
C:\Users\Svyatoslav\Desktop\C++\skillbox_homework\30\30-2-capture-web-page-title\out\build\x64-debug\_deps\curl-src\CMake\CurlTests.c(420): warning C4013: 'strerror_r' undefined; assuming extern returning int
C:\Users\Svyatoslav\Desktop\C++\skillbox_homework\30\30-2-capture-web-page-title\out\build\x64-debug\_deps\curl-src\CMake\CurlTests.c(420): error C2109: subscript requires array or pointer type
C:\Users\Svyatoslav\Desktop\C++\skillbox_homework\30\30-2-capture-web-page-title\out\build\x64-debug\_deps\curl-src\CMake\CurlTests.c(420): error C2198: 'check': too few arguments for call
ninja: build stopped: subcommand failed.


Performing Curl Test HAVE_POSIX_STRERROR_R failed with the following output:
Change Dir: C:/Users/Svyatoslav/Desktop/C++/skillbox_homework/30/30-2-capture-web-page-title/out/build/x64-debug/CMakeFiles/CMakeTmp

Run Build Command(s):C:/Program Files/Microsoft Visual Studio/2022/Community/Common7/IDE/CommonExtensions/Microsoft/CMake/Ninja/ninja.exe -v cmTC_d549c && [1/2] C:\PROGRA~1\MICROS~3\2022\COMMUN~1\VC\Tools\MSVC\1437~1.328\bin\Hostx64\x64\cl.exe  /nologo   /DWIN32 /D_WINDOWS /W3 -DHAVE_POSIX_STRERROR_R  -DHAVE_WINDOWS_H -DHAVE_WS2TCPIP_H -DHAVE_WINSOCK2_H -DHAVE_WINCRYPT_H -DHAVE_STDIO_H -DHAVE_SYS_STAT_H -DHAVE_SYS_TYPES_H -DHAVE_SYS_UTIME_H -DHAVE_ASSERT_H -DHAVE_ERRNO_H -DHAVE_FCNTL_H -DHAVE_IO_H -DHAVE_LOCALE_H -DHAVE_SETJMP_H -DHAVE_SIGNAL_H -DHAVE_STDBOOL_H -DHAVE_STDIO_H -DHAVE_STDLIB_H -DHAVE_STRING_H -DHAVE_TIME_H -DHAVE_PROCESS_H -DHAVE_STDDEF_H -DHAVE_MALLOC_H -DHAVE_MEMORY_H /MDd /Ob0 /Od /RTC1 -MDd /showIncludes /FoCMakeFiles\cmTC_d549c.dir\CurlTests.c.obj /FdCMakeFiles\cmTC_d549c.dir\ /FS -c C:\Users\Svyatoslav\Desktop\C++\skillbox_homework\30\30-2-capture-web-page-title\out\build\x64-debug\_deps\curl-src\CMake\CurlTests.c
C:\Users\Svyatoslav\Desktop\C++\skillbox_homework\30\30-2-capture-web-page-title\out\build\x64-debug\_deps\curl-src\CMake\CurlTests.c(435): warning C4013: 'strerror_r' undefined; assuming extern returning int
C:\Users\Svyatoslav\Desktop\C++\skillbox_homework\30\30-2-capture-web-page-title\out\build\x64-debug\_deps\curl-src\CMake\CurlTests.c(435): warning C4244: 'function': conversion from 'int' to 'float', possible loss of data
[2/2] cmd.exe /C "cd . && "C:\Program Files\Microsoft Visual Studio\2022\Community\Common7\IDE\CommonExtensions\Microsoft\CMake\CMake\bin\cmake.exe" -E vs_link_exe --intdir=CMakeFiles\cmTC_d549c.dir --rc=C:\PROGRA~2\WI3CF2~1\10\bin\100226~1.0\x64\rc.exe --mt=C:\PROGRA~2\WI3CF2~1\10\bin\100226~1.0\x64\mt.exe --manifests  -- C:\PROGRA~1\MICROS~3\2022\COMMUN~1\VC\Tools\MSVC\1437~1.328\bin\Hostx64\x64\link.exe /nologo CMakeFiles\cmTC_d549c.dir\CurlTests.c.obj  /out:cmTC_d549c.exe /implib:cmTC_d549c.lib /pdb:cmTC_d549c.pdb /version:0.0 /machine:x64  /debug /INCREMENTAL /subsystem:console  ws2_32.lib  kernel32.lib user32.lib gdi32.lib winspool.lib shell32.lib ole32.lib oleaut32.lib uuid.lib comdlg32.lib advapi32.lib && cd ."
FAILED: cmTC_d549c.exe 
cmd.exe /C "cd . && "C:\Program Files\Microsoft Visual Studio\2022\Community\Common7\IDE\CommonExtensions\Microsoft\CMake\CMake\bin\cmake.exe" -E vs_link_exe --intdir=CMakeFiles\cmTC_d549c.dir --rc=C:\PROGRA~2\WI3CF2~1\10\bin\100226~1.0\x64\rc.exe --mt=C:\PROGRA~2\WI3CF2~1\10\bin\100226~1.0\x64\mt.exe --manifests  -- C:\PROGRA~1\MICROS~3\2022\COMMUN~1\VC\Tools\MSVC\1437~1.328\bin\Hostx64\x64\link.exe /nologo CMakeFiles\cmTC_d549c.dir\CurlTests.c.obj  /out:cmTC_d549c.exe /implib:cmTC_d549c.lib /pdb:cmTC_d549c.pdb /version:0.0 /machine:x64  /debug /INCREMENTAL /subsystem:console  ws2_32.lib  kernel32.lib user32.lib gdi32.lib winspool.lib shell32.lib ole32.lib oleaut32.lib uuid.lib comdlg32.lib advapi32.lib && cd ."
LINK Pass 1: command "C:\PROGRA~1\MICROS~3\2022\COMMUN~1\VC\Tools\MSVC\1437~1.328\bin\Hostx64\x64\link.exe /nologo CMakeFiles\cmTC_d549c.dir\CurlTests.c.obj /out:cmTC_d549c.exe /implib:cmTC_d549c.lib /pdb:cmTC_d549c.pdb /version:0.0 /machine:x64 /debug /INCREMENTAL /subsystem:console ws2_32.lib kernel32.lib user32.lib gdi32.lib winspool.lib shell32.lib ole32.lib oleaut32.lib uuid.lib comdlg32.lib advapi32.lib /MANIFEST /MANIFESTFILE:CMakeFiles\cmTC_d549c.dir/intermediate.manifest CMakeFiles\cmTC_d549c.dir/manifest.res" failed (exit code 1120) with the following output:
CurlTests.c.obj : error LNK2019: unresolved external symbol strerror_r referenced in function main
cmTC_d549c.exe : fatal error LNK1120: 1 unresolved externals
ninja: build stopped: subcommand failed.


Performing Curl Test HAVE_CLOCK_GETTIME_MONOTONIC failed with the following output:
Change Dir: C:/Users/Svyatoslav/Desktop/C++/skillbox_homework/30/30-2-capture-web-page-title/out/build/x64-debug/CMakeFiles/CMakeTmp

Run Build Command(s):C:/Program Files/Microsoft Visual Studio/2022/Community/Common7/IDE/CommonExtensions/Microsoft/CMake/Ninja/ninja.exe -v cmTC_0397d && [1/2] C:\PROGRA~1\MICROS~3\2022\COMMUN~1\VC\Tools\MSVC\1437~1.328\bin\Hostx64\x64\cl.exe  /nologo   /DWIN32 /D_WINDOWS /W3 -DHAVE_CLOCK_GETTIME_MONOTONIC  -DHAVE_WINDOWS_H -DHAVE_WS2TCPIP_H -DHAVE_WINSOCK2_H -DHAVE_WINCRYPT_H -DHAVE_STDIO_H -DHAVE_SYS_STAT_H -DHAVE_SYS_TYPES_H -DHAVE_SYS_UTIME_H -DHAVE_ASSERT_H -DHAVE_ERRNO_H -DHAVE_FCNTL_H -DHAVE_IO_H -DHAVE_LOCALE_H -DHAVE_SETJMP_H -DHAVE_SIGNAL_H -DHAVE_STDBOOL_H -DHAVE_STDIO_H -DHAVE_STDLIB_H -DHAVE_STRING_H -DHAVE_TIME_H -DHAVE_PROCESS_H -DHAVE_STDDEF_H -DHAVE_MALLOC_H -DHAVE_MEMORY_H /MDd /Ob0 /Od /RTC1 -MDd /showIncludes /FoCMakeFiles\cmTC_0397d.dir\CurlTests.c.obj /FdCMakeFiles\cmTC_0397d.dir\ /FS -c C:\Users\Svyatoslav\Desktop\C++\skillbox_homework\30\30-2-capture-web-page-title\out\build\x64-debug\_deps\curl-src\CMake\CurlTests.c
FAILED: CMakeFiles/cmTC_0397d.dir/CurlTests.c.obj 
C:\PROGRA~1\MICROS~3\2022\COMMUN~1\VC\Tools\MSVC\1437~1.328\bin\Hostx64\x64\cl.exe  /nologo   /DWIN32 /D_WINDOWS /W3 -DHAVE_CLOCK_GETTIME_MONOTONIC  -DHAVE_WINDOWS_H -DHAVE_WS2TCPIP_H -DHAVE_WINSOCK2_H -DHAVE_WINCRYPT_H -DHAVE_STDIO_H -DHAVE_SYS_STAT_H -DHAVE_SYS_TYPES_H -DHAVE_SYS_UTIME_H -DHAVE_ASSERT_H -DHAVE_ERRNO_H -DHAVE_FCNTL_H -DHAVE_IO_H -DHAVE_LOCALE_H -DHAVE_SETJMP_H -DHAVE_SIGNAL_H -DHAVE_STDBOOL_H -DHAVE_STDIO_H -DHAVE_STDLIB_H -DHAVE_STRING_H -DHAVE_TIME_H -DHAVE_PROCESS_H -DHAVE_STDDEF_H -DHAVE_MALLOC_H -DHAVE_MEMORY_H /MDd /Ob0 /Od /RTC1 -MDd /showIncludes /FoCMakeFiles\cmTC_0397d.dir\CurlTests.c.obj /FdCMakeFiles\cmTC_0397d.dir\ /FS -c C:\Users\Svyatoslav\Desktop\C++\skillbox_homework\30\30-2-capture-web-page-title\out\build\x64-debug\_deps\curl-src\CMake\CurlTests.c
C:\Users\Svyatoslav\Desktop\C++\skillbox_homework\30\30-2-capture-web-page-title\out\build\x64-debug\_deps\curl-src\CMake\CurlTests.c(460): warning C4013: 'clock_gettime' undefined; assuming extern returning int
C:\Users\Svyatoslav\Desktop\C++\skillbox_homework\30\30-2-capture-web-page-title\out\build\x64-debug\_deps\curl-src\CMake\CurlTests.c(460): error C2065: 'CLOCK_MONOTONIC': undeclared identifier
ninja: build stopped: subcommand failed.


Performing Curl Test HAVE_BUILTIN_AVAILABLE failed with the following output:
Change Dir: C:/Users/Svyatoslav/Desktop/C++/skillbox_homework/30/30-2-capture-web-page-title/out/build/x64-debug/CMakeFiles/CMakeTmp

Run Build Command(s):C:/Program Files/Microsoft Visual Studio/2022/Community/Common7/IDE/CommonExtensions/Microsoft/CMake/Ninja/ninja.exe -v cmTC_34dcd && [1/2] C:\PROGRA~1\MICROS~3\2022\COMMUN~1\VC\Tools\MSVC\1437~1.328\bin\Hostx64\x64\cl.exe  /nologo   /DWIN32 /D_WINDOWS /W3 -DHAVE_BUILTIN_AVAILABLE  -DHAVE_WINDOWS_H -DHAVE_WS2TCPIP_H -DHAVE_WINSOCK2_H -DHAVE_WINCRYPT_H -DHAVE_STDIO_H -DHAVE_SYS_STAT_H -DHAVE_SYS_TYPES_H -DHAVE_SYS_UTIME_H -DHAVE_ASSERT_H -DHAVE_ERRNO_H -DHAVE_FCNTL_H -DHAVE_IO_H -DHAVE_LOCALE_H -DHAVE_SETJMP_H -DHAVE_SIGNAL_H -DHAVE_STDBOOL_H -DHAVE_STDIO_H -DHAVE_STDLIB_H -DHAVE_STRING_H -DHAVE_TIME_H -DHAVE_PROCESS_H -DHAVE_STDDEF_H -DHAVE_MALLOC_H -DHAVE_MEMORY_H /MDd /Ob0 /Od /RTC1 -MDd /showIncludes /FoCMakeFiles\cmTC_34dcd.dir\CurlTests.c.obj /FdCMakeFiles\cmTC_34dcd.dir\ /FS -c C:\Users\Svyatoslav\Desktop\C++\skillbox_homework\30\30-2-capture-web-page-title\out\build\x64-debug\_deps\curl-src\CMake\CurlTests.c
FAILED: CMakeFiles/cmTC_34dcd.dir/CurlTests.c.obj 
C:\PROGRA~1\MICROS~3\2022\COMMUN~1\VC\Tools\MSVC\1437~1.328\bin\Hostx64\x64\cl.exe  /nologo   /DWIN32 /D_WINDOWS /W3 -DHAVE_BUILTIN_AVAILABLE  -DHAVE_WINDOWS_H -DHAVE_WS2TCPIP_H -DHAVE_WINSOCK2_H -DHAVE_WINCRYPT_H -DHAVE_STDIO_H -DHAVE_SYS_STAT_H -DHAVE_SYS_TYPES_H -DHAVE_SYS_UTIME_H -DHAVE_ASSERT_H -DHAVE_ERRNO_H -DHAVE_FCNTL_H -DHAVE_IO_H -DHAVE_LOCALE_H -DHAVE_SETJMP_H -DHAVE_SIGNAL_H -DHAVE_STDBOOL_H -DHAVE_STDIO_H -DHAVE_STDLIB_H -DHAVE_STRING_H -DHAVE_TIME_H -DHAVE_PROCESS_H -DHAVE_STDDEF_H -DHAVE_MALLOC_H -DHAVE_MEMORY_H /MDd /Ob0 /Od /RTC1 -MDd /showIncludes /FoCMakeFiles\cmTC_34dcd.dir\CurlTests.c.obj /FdCMakeFiles\cmTC_34dcd.dir\ /FS -c C:\Users\Svyatoslav\Desktop\C++\skillbox_homework\30\30-2-capture-web-page-title\out\build\x64-debug\_deps\curl-src\CMake\CurlTests.c
C:\Users\Svyatoslav\Desktop\C++\skillbox_homework\30\30-2-capture-web-page-title\out\build\x64-debug\_deps\curl-src\CMake\CurlTests.c(467): warning C4013: '__builtin_available' undefined; assuming extern returning int
C:\Users\Svyatoslav\Desktop\C++\skillbox_homework\30\30-2-capture-web-page-title\out\build\x64-debug\_deps\curl-src\CMake\CurlTests.c(467): error C2065: 'macOS': undeclared identifier
C:\Users\Svyatoslav\Desktop\C++\skillbox_homework\30\30-2-capture-web-page-title\out\build\x64-debug\_deps\curl-src\CMake\CurlTests.c(467): error C2143: syntax error: missing ')' before 'constant'
C:\Users\Svyatoslav\Desktop\C++\skillbox_homework\30\30-2-capture-web-page-title\out\build\x64-debug\_deps\curl-src\CMake\CurlTests.c(467): error C2059: syntax error: ')'
C:\Users\Svyatoslav\Desktop\C++\skillbox_homework\30\30-2-capture-web-page-title\out\build\x64-debug\_deps\curl-src\CMake\CurlTests.c(467): error C2059: syntax error: ')'
ninja: build stopped: subcommand failed.


